{"/Users/patrick.shannon/13th_week_project/meanmoney/server/app.js": {"path":"/Users/patrick.shannon/13th_week_project/meanmoney/server/app.js","statementMap":{"0":{"start":{"line":1,"column":16},"end":{"line":1,"column":34}},"1":{"start":{"line":2,"column":13},"end":{"line":2,"column":28}},"2":{"start":{"line":3,"column":12},"end":{"line":3,"column":21}},"3":{"start":{"line":5,"column":29},"end":{"line":5,"column":63}},"4":{"start":{"line":6,"column":26},"end":{"line":6,"column":58}},"5":{"start":{"line":7,"column":25},"end":{"line":7,"column":55}},"6":{"start":{"line":8,"column":20},"end":{"line":8,"column":45}},"7":{"start":{"line":9,"column":30},"end":{"line":9,"column":65}},"8":{"start":{"line":11,"column":0},"end":{"line":11,"column":16}},"9":{"start":{"line":12,"column":0},"end":{"line":12,"column":24}},"10":{"start":{"line":16,"column":0},"end":{"line":18,"column":2}},"11":{"start":{"line":17,"column":4},"end":{"line":17,"column":39}},"12":{"start":{"line":19,"column":0},"end":{"line":21,"column":2}},"13":{"start":{"line":20,"column":4},"end":{"line":20,"column":111}},"14":{"start":{"line":29,"column":0},"end":{"line":29,"column":41}},"15":{"start":{"line":30,"column":0},"end":{"line":30,"column":31}},"16":{"start":{"line":33,"column":0},"end":{"line":33,"column":36}},"17":{"start":{"line":36,"column":0},"end":{"line":36,"column":32}},"18":{"start":{"line":37,"column":0},"end":{"line":37,"column":52}},"19":{"start":{"line":40,"column":0},"end":{"line":40,"column":21}}},"fnMap":{"0":{"name":"(anonymous_0)","decl":{"start":{"line":16,"column":12},"end":{"line":16,"column":13}},"loc":{"start":{"line":16,"column":26},"end":{"line":18,"column":1}},"line":16},"1":{"name":"(anonymous_1)","decl":{"start":{"line":19,"column":17},"end":{"line":19,"column":18}},"loc":{"start":{"line":19,"column":31},"end":{"line":21,"column":1}},"line":19}},"branchMap":{},"s":{"0":1,"1":1,"2":1,"3":1,"4":1,"5":1,"6":1,"7":1,"8":1,"9":1,"10":1,"11":0,"12":1,"13":0,"14":1,"15":1,"16":1,"17":1,"18":1,"19":1},"f":{"0":0,"1":0},"b":{},"_coverageSchema":"1a1c01bbd47fc00a2c39e90264f33305004495a9","hash":"a73c3a5e640681a9bad4fdaa502f7d1feb6297a4"}
,"/Users/patrick.shannon/13th_week_project/meanmoney/server/controllers/authentication.js": {"path":"/Users/patrick.shannon/13th_week_project/meanmoney/server/controllers/authentication.js","statementMap":{"0":{"start":{"line":1,"column":26},"end":{"line":1,"column":49}},"1":{"start":{"line":2,"column":13},"end":{"line":2,"column":38}},"2":{"start":{"line":3,"column":15},"end":{"line":3,"column":32}},"3":{"start":{"line":7,"column":32},"end":{"line":7,"column":40}},"4":{"start":{"line":9,"column":4},"end":{"line":27,"column":5}},"5":{"start":{"line":10,"column":21},"end":{"line":10,"column":57}},"6":{"start":{"line":11,"column":8},"end":{"line":14,"column":9}},"7":{"start":{"line":12,"column":12},"end":{"line":12,"column":74}},"8":{"start":{"line":13,"column":12},"end":{"line":13,"column":71}},"9":{"start":{"line":16,"column":24},"end":{"line":16,"column":69}},"10":{"start":{"line":17,"column":8},"end":{"line":20,"column":9}},"11":{"start":{"line":18,"column":12},"end":{"line":18,"column":62}},"12":{"start":{"line":19,"column":12},"end":{"line":19,"column":75}},"13":{"start":{"line":22,"column":22},"end":{"line":22,"column":44}},"14":{"start":{"line":23,"column":8},"end":{"line":23,"column":62}},"15":{"start":{"line":25,"column":8},"end":{"line":25,"column":52}},"16":{"start":{"line":26,"column":8},"end":{"line":26,"column":67}},"17":{"start":{"line":30,"column":0},"end":{"line":30,"column":33}}},"fnMap":{"0":{"name":"createToken","decl":{"start":{"line":6,"column":15},"end":{"line":6,"column":26}},"loc":{"start":{"line":6,"column":37},"end":{"line":28,"column":1}},"line":6}},"branchMap":{"0":{"loc":{"start":{"line":11,"column":8},"end":{"line":14,"column":9}},"type":"if","locations":[{"start":{"line":11,"column":8},"end":{"line":14,"column":9}},{"start":{},"end":{}}],"line":11},"1":{"loc":{"start":{"line":17,"column":8},"end":{"line":20,"column":9}},"type":"if","locations":[{"start":{"line":17,"column":8},"end":{"line":20,"column":9}},{"start":{},"end":{}}],"line":17}},"s":{"0":1,"1":1,"2":1,"3":0,"4":0,"5":0,"6":0,"7":0,"8":0,"9":0,"10":0,"11":0,"12":0,"13":0,"14":0,"15":0,"16":0,"17":1},"f":{"0":0},"b":{"0":[0,0],"1":[0,0]},"_coverageSchema":"1a1c01bbd47fc00a2c39e90264f33305004495a9","hash":"3ad26c3be01ba7b804901aff02701915e10ce000"}
,"/Users/patrick.shannon/13th_week_project/meanmoney/server/controllers/diaryEntry.js": {"path":"/Users/patrick.shannon/13th_week_project/meanmoney/server/controllers/diaryEntry.js","statementMap":{"0":{"start":{"line":1,"column":19},"end":{"line":1,"column":51}},"1":{"start":{"line":2,"column":17},"end":{"line":2,"column":36}},"2":{"start":{"line":3,"column":26},"end":{"line":3,"column":49}},"3":{"start":{"line":7,"column":4},"end":{"line":24,"column":5}},"4":{"start":{"line":8,"column":57},"end":{"line":8,"column":65}},"5":{"start":{"line":9,"column":24},"end":{"line":9,"column":35}},"6":{"start":{"line":11,"column":8},"end":{"line":13,"column":9}},"7":{"start":{"line":12,"column":12},"end":{"line":12,"column":81}},"8":{"start":{"line":15,"column":30},"end":{"line":15,"column":95}},"9":{"start":{"line":17,"column":8},"end":{"line":17,"column":34}},"10":{"start":{"line":19,"column":8},"end":{"line":19,"column":65}},"11":{"start":{"line":22,"column":8},"end":{"line":22,"column":60}},"12":{"start":{"line":23,"column":8},"end":{"line":23,"column":96}},"13":{"start":{"line":27,"column":4},"end":{"line":42,"column":5}},"14":{"start":{"line":28,"column":24},"end":{"line":28,"column":35}},"15":{"start":{"line":30,"column":24},"end":{"line":30,"column":77}},"16":{"start":{"line":32,"column":8},"end":{"line":35,"column":11}},"17":{"start":{"line":37,"column":8},"end":{"line":37,"column":65}},"18":{"start":{"line":38,"column":8},"end":{"line":41,"column":11}},"19":{"start":{"line":46,"column":4},"end":{"line":69,"column":5}},"20":{"start":{"line":47,"column":24},"end":{"line":47,"column":35}},"21":{"start":{"line":48,"column":25},"end":{"line":48,"column":38}},"22":{"start":{"line":50,"column":29},"end":{"line":51,"column":30}},"23":{"start":{"line":53,"column":12},"end":{"line":57,"column":13}},"24":{"start":{"line":54,"column":16},"end":{"line":56,"column":19}},"25":{"start":{"line":59,"column":12},"end":{"line":62,"column":15}},"26":{"start":{"line":64,"column":8},"end":{"line":64,"column":60}},"27":{"start":{"line":65,"column":8},"end":{"line":68,"column":11}},"28":{"start":{"line":74,"column":18},"end":{"line":74,"column":44}},"29":{"start":{"line":75,"column":20},"end":{"line":75,"column":31}},"30":{"start":{"line":76,"column":22},"end":{"line":76,"column":50}},"31":{"start":{"line":77,"column":20},"end":{"line":77,"column":46}},"32":{"start":{"line":78,"column":4},"end":{"line":95,"column":5}},"33":{"start":{"line":79,"column":29},"end":{"line":79,"column":101}},"34":{"start":{"line":80,"column":29},"end":{"line":87,"column":9}},"35":{"start":{"line":88,"column":8},"end":{"line":90,"column":10}},"36":{"start":{"line":89,"column":12},"end":{"line":89,"column":59}},"37":{"start":{"line":91,"column":8},"end":{"line":91,"column":53}},"38":{"start":{"line":93,"column":8},"end":{"line":93,"column":71}},"39":{"start":{"line":94,"column":8},"end":{"line":94,"column":104}},"40":{"start":{"line":116,"column":29},"end":{"line":121,"column":1}},"41":{"start":{"line":122,"column":4},"end":{"line":122,"column":42}}},"fnMap":{"0":{"name":"createDiaryEntry","decl":{"start":{"line":6,"column":15},"end":{"line":6,"column":31}},"loc":{"start":{"line":6,"column":42},"end":{"line":25,"column":1}},"line":6},"1":{"name":"getDiaryEntries","decl":{"start":{"line":26,"column":15},"end":{"line":26,"column":30}},"loc":{"start":{"line":26,"column":41},"end":{"line":43,"column":1}},"line":26},"2":{"name":"deleteDiaryEntry","decl":{"start":{"line":45,"column":15},"end":{"line":45,"column":31}},"loc":{"start":{"line":45,"column":42},"end":{"line":70,"column":1}},"line":45},"3":{"name":"getSpendingForPeriod","decl":{"start":{"line":73,"column":15},"end":{"line":73,"column":35}},"loc":{"start":{"line":73,"column":46},"end":{"line":96,"column":1}},"line":73},"4":{"name":"(anonymous_4)","decl":{"start":{"line":88,"column":29},"end":{"line":88,"column":30}},"loc":{"start":{"line":88,"column":40},"end":{"line":90,"column":9}},"line":88}},"branchMap":{"0":{"loc":{"start":{"line":11,"column":8},"end":{"line":13,"column":9}},"type":"if","locations":[{"start":{"line":11,"column":8},"end":{"line":13,"column":9}},{"start":{},"end":{}}],"line":11},"1":{"loc":{"start":{"line":11,"column":12},"end":{"line":11,"column":58}},"type":"binary-expr","locations":[{"start":{"line":11,"column":12},"end":{"line":11,"column":19}},{"start":{"line":11,"column":23},"end":{"line":11,"column":28}},{"start":{"line":11,"column":32},"end":{"line":11,"column":45}},{"start":{"line":11,"column":49},"end":{"line":11,"column":58}}],"line":11},"2":{"loc":{"start":{"line":53,"column":12},"end":{"line":57,"column":13}},"type":"if","locations":[{"start":{"line":53,"column":12},"end":{"line":57,"column":13}},{"start":{},"end":{}}],"line":53}},"s":{"0":1,"1":1,"2":1,"3":0,"4":0,"5":0,"6":0,"7":0,"8":0,"9":0,"10":0,"11":0,"12":0,"13":0,"14":0,"15":0,"16":0,"17":0,"18":0,"19":0,"20":0,"21":0,"22":0,"23":0,"24":0,"25":0,"26":0,"27":0,"28":0,"29":0,"30":0,"31":0,"32":0,"33":0,"34":0,"35":0,"36":0,"37":0,"38":0,"39":0,"40":1,"41":1},"f":{"0":0,"1":0,"2":0,"3":0,"4":0},"b":{"0":[0,0],"1":[0,0,0,0],"2":[0,0]},"_coverageSchema":"1a1c01bbd47fc00a2c39e90264f33305004495a9","hash":"a282d201c40bc65b11cd1c0039f9d8d6e236ceb5"}
,"/Users/patrick.shannon/13th_week_project/meanmoney/server/controllers/financialAdvice.js": {"path":"/Users/patrick.shannon/13th_week_project/meanmoney/server/controllers/financialAdvice.js","statementMap":{"0":{"start":{"line":1,"column":32},"end":{"line":1,"column":73}},"1":{"start":{"line":4,"column":4},"end":{"line":12,"column":5}},"2":{"start":{"line":5,"column":22},"end":{"line":5,"column":61}},"3":{"start":{"line":6,"column":31},"end":{"line":6,"column":65}},"4":{"start":{"line":7,"column":23},"end":{"line":7,"column":60}},"5":{"start":{"line":8,"column":8},"end":{"line":8,"column":41}},"6":{"start":{"line":10,"column":8},"end":{"line":10,"column":67}},"7":{"start":{"line":11,"column":8},"end":{"line":11,"column":68}},"8":{"start":{"line":15,"column":35},"end":{"line":17,"column":1}},"9":{"start":{"line":19,"column":0},"end":{"line":19,"column":43}}},"fnMap":{"0":{"name":"getFinancialAdvice","decl":{"start":{"line":3,"column":15},"end":{"line":3,"column":33}},"loc":{"start":{"line":3,"column":44},"end":{"line":13,"column":1}},"line":3}},"branchMap":{},"s":{"0":1,"1":0,"2":0,"3":0,"4":0,"5":0,"6":0,"7":0,"8":1,"9":1},"f":{"0":0},"b":{},"_coverageSchema":"1a1c01bbd47fc00a2c39e90264f33305004495a9","hash":"0311642e4db2fad8ebda0429d393631cb53b5cf5"}
,"/Users/patrick.shannon/13th_week_project/meanmoney/server/controllers/savings_goal.js": {"path":"/Users/patrick.shannon/13th_week_project/meanmoney/server/controllers/savings_goal.js","statementMap":{"0":{"start":{"line":1,"column":17},"end":{"line":1,"column":36}},"1":{"start":{"line":2,"column":20},"end":{"line":2,"column":53}},"2":{"start":{"line":3,"column":26},"end":{"line":3,"column":49}},"3":{"start":{"line":4,"column":13},"end":{"line":4,"column":38}},"4":{"start":{"line":8,"column":18},"end":{"line":8,"column":44}},"5":{"start":{"line":10,"column":4},"end":{"line":32,"column":9}},"6":{"start":{"line":11,"column":85},"end":{"line":11,"column":93}},"7":{"start":{"line":13,"column":8},"end":{"line":16,"column":9}},"8":{"start":{"line":14,"column":12},"end":{"line":14,"column":46}},"9":{"start":{"line":15,"column":12},"end":{"line":15,"column":75}},"10":{"start":{"line":17,"column":8},"end":{"line":17,"column":42}},"11":{"start":{"line":23,"column":31},"end":{"line":23,"column":71}},"12":{"start":{"line":24,"column":31},"end":{"line":24,"column":141}},"13":{"start":{"line":26,"column":8},"end":{"line":26,"column":35}},"14":{"start":{"line":27,"column":8},"end":{"line":27,"column":65}},"15":{"start":{"line":30,"column":12},"end":{"line":30,"column":64}},"16":{"start":{"line":31,"column":12},"end":{"line":31,"column":101}},"17":{"start":{"line":51,"column":4},"end":{"line":62,"column":5}},"18":{"start":{"line":52,"column":22},"end":{"line":52,"column":48}},"19":{"start":{"line":56,"column":29},"end":{"line":56,"column":77}},"20":{"start":{"line":58,"column":8},"end":{"line":58,"column":43}},"21":{"start":{"line":60,"column":8},"end":{"line":60,"column":61}},"22":{"start":{"line":61,"column":8},"end":{"line":61,"column":97}},"23":{"start":{"line":65,"column":30},"end":{"line":68,"column":1}},"24":{"start":{"line":70,"column":0},"end":{"line":70,"column":38}}},"fnMap":{"0":{"name":"createSavingsGoal","decl":{"start":{"line":7,"column":15},"end":{"line":7,"column":32}},"loc":{"start":{"line":7,"column":43},"end":{"line":33,"column":5}},"line":7},"1":{"name":"getUserSavingsGoal","decl":{"start":{"line":50,"column":15},"end":{"line":50,"column":33}},"loc":{"start":{"line":50,"column":44},"end":{"line":63,"column":1}},"line":50}},"branchMap":{"0":{"loc":{"start":{"line":13,"column":8},"end":{"line":16,"column":9}},"type":"if","locations":[{"start":{"line":13,"column":8},"end":{"line":16,"column":9}},{"start":{},"end":{}}],"line":13},"1":{"loc":{"start":{"line":13,"column":13},"end":{"line":13,"column":90}},"type":"binary-expr","locations":[{"start":{"line":13,"column":13},"end":{"line":13,"column":26}},{"start":{"line":13,"column":30},"end":{"line":13,"column":44}},{"start":{"line":13,"column":48},"end":{"line":13,"column":64}},{"start":{"line":13,"column":68},"end":{"line":13,"column":78}},{"start":{"line":13,"column":82},"end":{"line":13,"column":90}}],"line":13}},"s":{"0":1,"1":1,"2":1,"3":1,"4":0,"5":0,"6":0,"7":0,"8":0,"9":0,"10":0,"11":0,"12":0,"13":0,"14":0,"15":0,"16":0,"17":0,"18":0,"19":0,"20":0,"21":0,"22":0,"23":1,"24":1},"f":{"0":0,"1":0},"b":{"0":[0,0],"1":[0,0,0,0,0]},"_coverageSchema":"1a1c01bbd47fc00a2c39e90264f33305004495a9","hash":"919348089d9343c0c984169d99c1e551a66a0900"}
,"/Users/patrick.shannon/13th_week_project/meanmoney/server/controllers/users.js": {"path":"/Users/patrick.shannon/13th_week_project/meanmoney/server/controllers/users.js","statementMap":{"0":{"start":{"line":1,"column":13},"end":{"line":1,"column":38}},"1":{"start":{"line":2,"column":17},"end":{"line":2,"column":36}},"2":{"start":{"line":3,"column":26},"end":{"line":3,"column":49}},"3":{"start":{"line":8,"column":38},"end":{"line":8,"column":46}},"4":{"start":{"line":10,"column":4},"end":{"line":12,"column":5}},"5":{"start":{"line":11,"column":8},"end":{"line":11,"column":77}},"6":{"start":{"line":14,"column":4},"end":{"line":38,"column":5}},"7":{"start":{"line":15,"column":29},"end":{"line":15,"column":58}},"8":{"start":{"line":16,"column":8},"end":{"line":18,"column":9}},"9":{"start":{"line":17,"column":12},"end":{"line":17,"column":77}},"10":{"start":{"line":20,"column":21},"end":{"line":24,"column":10}},"11":{"start":{"line":26,"column":26},"end":{"line":26,"column":43}},"12":{"start":{"line":28,"column":8},"end":{"line":31,"column":11}},"13":{"start":{"line":33,"column":8},"end":{"line":33,"column":53}},"14":{"start":{"line":34,"column":8},"end":{"line":37,"column":11}},"15":{"start":{"line":44,"column":17},"end":{"line":44,"column":52}},"16":{"start":{"line":45,"column":18},"end":{"line":45,"column":44}},"17":{"start":{"line":47,"column":27},"end":{"line":57,"column":5}},"18":{"start":{"line":58,"column":4},"end":{"line":58,"column":68}},"19":{"start":{"line":64,"column":22},"end":{"line":64,"column":32}},"20":{"start":{"line":65,"column":4},"end":{"line":75,"column":11}},"21":{"start":{"line":67,"column":12},"end":{"line":69,"column":13}},"22":{"start":{"line":68,"column":16},"end":{"line":68,"column":75}},"23":{"start":{"line":70,"column":12},"end":{"line":70,"column":39}},"24":{"start":{"line":73,"column":12},"end":{"line":73,"column":63}},"25":{"start":{"line":74,"column":12},"end":{"line":74,"column":70}},"26":{"start":{"line":82,"column":19},"end":{"line":82,"column":32}},"27":{"start":{"line":83,"column":4},"end":{"line":85,"column":5}},"28":{"start":{"line":84,"column":8},"end":{"line":84,"column":75}},"29":{"start":{"line":86,"column":4},"end":{"line":95,"column":5}},"30":{"start":{"line":87,"column":21},"end":{"line":87,"column":48}},"31":{"start":{"line":88,"column":8},"end":{"line":90,"column":9}},"32":{"start":{"line":89,"column":12},"end":{"line":89,"column":71}},"33":{"start":{"line":91,"column":8},"end":{"line":91,"column":35}},"34":{"start":{"line":93,"column":8},"end":{"line":93,"column":56}},"35":{"start":{"line":94,"column":8},"end":{"line":94,"column":86}},"36":{"start":{"line":101,"column":18},"end":{"line":101,"column":44}},"37":{"start":{"line":102,"column":4},"end":{"line":127,"column":5}},"38":{"start":{"line":104,"column":19},"end":{"line":104,"column":30}},"39":{"start":{"line":105,"column":8},"end":{"line":109,"column":9}},"40":{"start":{"line":106,"column":12},"end":{"line":108,"column":13}},"41":{"start":{"line":110,"column":36},"end":{"line":123,"column":14}},"42":{"start":{"line":122,"column":16},"end":{"line":122,"column":53}},"43":{"start":{"line":126,"column":8},"end":{"line":126,"column":90}},"44":{"start":{"line":130,"column":24},"end":{"line":136,"column":1}},"45":{"start":{"line":137,"column":0},"end":{"line":137,"column":33}}},"fnMap":{"0":{"name":"create","decl":{"start":{"line":7,"column":15},"end":{"line":7,"column":21}},"loc":{"start":{"line":7,"column":32},"end":{"line":39,"column":1}},"line":7},"1":{"name":"findUser","decl":{"start":{"line":43,"column":15},"end":{"line":43,"column":23}},"loc":{"start":{"line":43,"column":32},"end":{"line":59,"column":1}},"line":43},"2":{"name":"findByEmail","decl":{"start":{"line":63,"column":9},"end":{"line":63,"column":20}},"loc":{"start":{"line":63,"column":31},"end":{"line":76,"column":1}},"line":63},"3":{"name":"(anonymous_3)","decl":{"start":{"line":66,"column":14},"end":{"line":66,"column":15}},"loc":{"start":{"line":66,"column":24},"end":{"line":71,"column":9}},"line":66},"4":{"name":"(anonymous_4)","decl":{"start":{"line":72,"column":15},"end":{"line":72,"column":16}},"loc":{"start":{"line":72,"column":24},"end":{"line":75,"column":9}},"line":72},"5":{"name":"findById","decl":{"start":{"line":81,"column":15},"end":{"line":81,"column":23}},"loc":{"start":{"line":81,"column":34},"end":{"line":96,"column":1}},"line":81},"6":{"name":"setSpendingGoals","decl":{"start":{"line":100,"column":15},"end":{"line":100,"column":31}},"loc":{"start":{"line":100,"column":41},"end":{"line":128,"column":1}},"line":100},"7":{"name":"(anonymous_7)","decl":{"start":{"line":121,"column":21},"end":{"line":121,"column":22}},"loc":{"start":{"line":121,"column":46},"end":{"line":123,"column":13}},"line":121}},"branchMap":{"0":{"loc":{"start":{"line":10,"column":4},"end":{"line":12,"column":5}},"type":"if","locations":[{"start":{"line":10,"column":4},"end":{"line":12,"column":5}},{"start":{},"end":{}}],"line":10},"1":{"loc":{"start":{"line":10,"column":8},"end":{"line":10,"column":36}},"type":"binary-expr","locations":[{"start":{"line":10,"column":8},"end":{"line":10,"column":13}},{"start":{"line":10,"column":17},"end":{"line":10,"column":23}},{"start":{"line":10,"column":27},"end":{"line":10,"column":36}}],"line":10},"2":{"loc":{"start":{"line":16,"column":8},"end":{"line":18,"column":9}},"type":"if","locations":[{"start":{"line":16,"column":8},"end":{"line":18,"column":9}},{"start":{},"end":{}}],"line":16},"3":{"loc":{"start":{"line":67,"column":12},"end":{"line":69,"column":13}},"type":"if","locations":[{"start":{"line":67,"column":12},"end":{"line":69,"column":13}},{"start":{},"end":{}}],"line":67},"4":{"loc":{"start":{"line":83,"column":4},"end":{"line":85,"column":5}},"type":"if","locations":[{"start":{"line":83,"column":4},"end":{"line":85,"column":5}},{"start":{},"end":{}}],"line":83},"5":{"loc":{"start":{"line":88,"column":8},"end":{"line":90,"column":9}},"type":"if","locations":[{"start":{"line":88,"column":8},"end":{"line":90,"column":9}},{"start":{},"end":{}}],"line":88},"6":{"loc":{"start":{"line":106,"column":12},"end":{"line":108,"column":13}},"type":"if","locations":[{"start":{"line":106,"column":12},"end":{"line":108,"column":13}},{"start":{},"end":{}}],"line":106},"7":{"loc":{"start":{"line":106,"column":16},"end":{"line":106,"column":59}},"type":"binary-expr","locations":[{"start":{"line":106,"column":16},"end":{"line":106,"column":37}},{"start":{"line":106,"column":41},"end":{"line":106,"column":59}}],"line":106}},"s":{"0":1,"1":1,"2":1,"3":6,"4":6,"5":4,"6":2,"7":2,"8":2,"9":0,"10":2,"11":2,"12":2,"13":0,"14":0,"15":0,"16":0,"17":0,"18":0,"19":0,"20":0,"21":0,"22":0,"23":0,"24":0,"25":0,"26":0,"27":0,"28":0,"29":0,"30":0,"31":0,"32":0,"33":0,"34":0,"35":0,"36":0,"37":0,"38":0,"39":0,"40":0,"41":0,"42":0,"43":0,"44":1,"45":1},"f":{"0":6,"1":0,"2":0,"3":0,"4":0,"5":0,"6":0,"7":0},"b":{"0":[4,2],"1":[6,2,2],"2":[0,2],"3":[0,0],"4":[0,0],"5":[0,0],"6":[0,0],"7":[0,0]},"_coverageSchema":"1a1c01bbd47fc00a2c39e90264f33305004495a9","hash":"2e301d85163b1a9a8dd1244219aec30b8c7f201d"}
,"/Users/patrick.shannon/13th_week_project/meanmoney/server/db/db.js": {"path":"/Users/patrick.shannon/13th_week_project/meanmoney/server/db/db.js","statementMap":{"0":{"start":{"line":1,"column":17},"end":{"line":1,"column":36}},"1":{"start":{"line":2,"column":0},"end":{"line":2,"column":27}},"2":{"start":{"line":4,"column":23},"end":{"line":4,"column":46}},"3":{"start":{"line":6,"column":4},"end":{"line":11,"column":7}},"4":{"start":{"line":8,"column":8},"end":{"line":8,"column":45}},"5":{"start":{"line":10,"column":8},"end":{"line":10,"column":27}},"6":{"start":{"line":14,"column":0},"end":{"line":14,"column":39}}},"fnMap":{"0":{"name":"connectToDatabase","decl":{"start":{"line":3,"column":15},"end":{"line":3,"column":32}},"loc":{"start":{"line":3,"column":35},"end":{"line":12,"column":1}},"line":3},"1":{"name":"(anonymous_1)","decl":{"start":{"line":7,"column":10},"end":{"line":7,"column":11}},"loc":{"start":{"line":7,"column":16},"end":{"line":9,"column":5}},"line":7},"2":{"name":"(anonymous_2)","decl":{"start":{"line":9,"column":13},"end":{"line":9,"column":14}},"loc":{"start":{"line":9,"column":22},"end":{"line":11,"column":5}},"line":9}},"branchMap":{},"s":{"0":2,"1":2,"2":2,"3":2,"4":2,"5":0,"6":2},"f":{"0":2,"1":2,"2":0},"b":{},"_coverageSchema":"1a1c01bbd47fc00a2c39e90264f33305004495a9","hash":"b814b94aef7e23237f1c07972c2b338ec1bc218e"}
,"/Users/patrick.shannon/13th_week_project/meanmoney/server/lib/FinancialAdviceService.js": {"path":"/Users/patrick.shannon/13th_week_project/meanmoney/server/lib/FinancialAdviceService.js","statementMap":{"0":{"start":{"line":1,"column":19},"end":{"line":1,"column":51}},"1":{"start":{"line":2,"column":13},"end":{"line":2,"column":38}},"2":{"start":{"line":3,"column":20},"end":{"line":3,"column":53}},"3":{"start":{"line":4,"column":12},"end":{"line":4,"column":35}},"4":{"start":{"line":8,"column":8},"end":{"line":8,"column":27}},"5":{"start":{"line":9,"column":8},"end":{"line":9,"column":43}},"6":{"start":{"line":13,"column":8},"end":{"line":19,"column":9}},"7":{"start":{"line":14,"column":28},"end":{"line":14,"column":74}},"8":{"start":{"line":15,"column":12},"end":{"line":15,"column":35}},"9":{"start":{"line":17,"column":12},"end":{"line":17,"column":63}},"10":{"start":{"line":18,"column":12},"end":{"line":18,"column":45}},"11":{"start":{"line":23,"column":8},"end":{"line":41,"column":9}},"12":{"start":{"line":24,"column":25},"end":{"line":24,"column":57}},"13":{"start":{"line":25,"column":12},"end":{"line":25,"column":57}},"14":{"start":{"line":25,"column":23},"end":{"line":25,"column":57}},"15":{"start":{"line":27,"column":33},"end":{"line":29,"column":14}},"16":{"start":{"line":31,"column":33},"end":{"line":31,"column":57}},"17":{"start":{"line":33,"column":27},"end":{"line":33,"column":29}},"18":{"start":{"line":34,"column":12},"end":{"line":34,"column":78}},"19":{"start":{"line":35,"column":12},"end":{"line":35,"column":78}},"20":{"start":{"line":36,"column":12},"end":{"line":36,"column":71}},"21":{"start":{"line":38,"column":12},"end":{"line":38,"column":46}},"22":{"start":{"line":40,"column":12},"end":{"line":40,"column":62}},"23":{"start":{"line":45,"column":23},"end":{"line":45,"column":25}},"24":{"start":{"line":46,"column":33},"end":{"line":46,"column":78}},"25":{"start":{"line":48,"column":8},"end":{"line":50,"column":9}},"26":{"start":{"line":49,"column":12},"end":{"line":49,"column":121}},"27":{"start":{"line":52,"column":8},"end":{"line":54,"column":9}},"28":{"start":{"line":53,"column":12},"end":{"line":53,"column":127}},"29":{"start":{"line":56,"column":8},"end":{"line":58,"column":9}},"30":{"start":{"line":57,"column":12},"end":{"line":57,"column":62}},"31":{"start":{"line":60,"column":8},"end":{"line":62,"column":9}},"32":{"start":{"line":61,"column":12},"end":{"line":61,"column":133}},"33":{"start":{"line":64,"column":8},"end":{"line":66,"column":9}},"34":{"start":{"line":65,"column":12},"end":{"line":65,"column":142}},"35":{"start":{"line":68,"column":8},"end":{"line":70,"column":9}},"36":{"start":{"line":69,"column":12},"end":{"line":69,"column":125}},"37":{"start":{"line":71,"column":8},"end":{"line":71,"column":22}},"38":{"start":{"line":75,"column":23},"end":{"line":75,"column":25}},"39":{"start":{"line":76,"column":8},"end":{"line":82,"column":11}},"40":{"start":{"line":77,"column":34},"end":{"line":77,"column":96}},"41":{"start":{"line":78,"column":39},"end":{"line":78,"column":87}},"42":{"start":{"line":79,"column":12},"end":{"line":81,"column":13}},"43":{"start":{"line":80,"column":16},"end":{"line":80,"column":104}},"44":{"start":{"line":83,"column":8},"end":{"line":83,"column":21}},"45":{"start":{"line":87,"column":23},"end":{"line":87,"column":25}},"46":{"start":{"line":88,"column":40},"end":{"line":88,"column":61}},"47":{"start":{"line":89,"column":30},"end":{"line":89,"column":88}},"48":{"start":{"line":89,"column":66},"end":{"line":89,"column":84}},"49":{"start":{"line":91,"column":8},"end":{"line":93,"column":9}},"50":{"start":{"line":92,"column":12},"end":{"line":92,"column":115}},"51":{"start":{"line":94,"column":8},"end":{"line":94,"column":22}},"52":{"start":{"line":98,"column":8},"end":{"line":101,"column":15}},"53":{"start":{"line":99,"column":12},"end":{"line":99,"column":76}},"54":{"start":{"line":100,"column":12},"end":{"line":100,"column":23}},"55":{"start":{"line":105,"column":8},"end":{"line":107,"column":9}},"56":{"start":{"line":106,"column":12},"end":{"line":106,"column":87}},"57":{"start":{"line":108,"column":8},"end":{"line":108,"column":27}},"58":{"start":{"line":112,"column":0},"end":{"line":112,"column":40}}},"fnMap":{"0":{"name":"(anonymous_0)","decl":{"start":{"line":7,"column":4},"end":{"line":7,"column":5}},"loc":{"start":{"line":7,"column":23},"end":{"line":10,"column":5}},"line":7},"1":{"name":"(anonymous_1)","decl":{"start":{"line":12,"column":4},"end":{"line":12,"column":5}},"loc":{"start":{"line":12,"column":21},"end":{"line":20,"column":5}},"line":12},"2":{"name":"(anonymous_2)","decl":{"start":{"line":22,"column":4},"end":{"line":22,"column":5}},"loc":{"start":{"line":22,"column":27},"end":{"line":42,"column":5}},"line":22},"3":{"name":"(anonymous_3)","decl":{"start":{"line":44,"column":4},"end":{"line":44,"column":5}},"loc":{"start":{"line":44,"column":48},"end":{"line":72,"column":5}},"line":44},"4":{"name":"(anonymous_4)","decl":{"start":{"line":74,"column":4},"end":{"line":74,"column":5}},"loc":{"start":{"line":74,"column":49},"end":{"line":84,"column":5}},"line":74},"5":{"name":"(anonymous_5)","decl":{"start":{"line":76,"column":29},"end":{"line":76,"column":30}},"loc":{"start":{"line":76,"column":37},"end":{"line":82,"column":9}},"line":76},"6":{"name":"(anonymous_6)","decl":{"start":{"line":86,"column":4},"end":{"line":86,"column":5}},"loc":{"start":{"line":86,"column":42},"end":{"line":95,"column":5}},"line":86},"7":{"name":"(anonymous_7)","decl":{"start":{"line":89,"column":50},"end":{"line":89,"column":51}},"loc":{"start":{"line":89,"column":66},"end":{"line":89,"column":84}},"line":89},"8":{"name":"(anonymous_8)","decl":{"start":{"line":97,"column":4},"end":{"line":97,"column":5}},"loc":{"start":{"line":97,"column":45},"end":{"line":102,"column":5}},"line":97},"9":{"name":"(anonymous_9)","decl":{"start":{"line":98,"column":35},"end":{"line":98,"column":36}},"loc":{"start":{"line":98,"column":51},"end":{"line":101,"column":9}},"line":98},"10":{"name":"(anonymous_10)","decl":{"start":{"line":104,"column":4},"end":{"line":104,"column":5}},"loc":{"start":{"line":104,"column":31},"end":{"line":109,"column":5}},"line":104}},"branchMap":{"0":{"loc":{"start":{"line":25,"column":12},"end":{"line":25,"column":57}},"type":"if","locations":[{"start":{"line":25,"column":12},"end":{"line":25,"column":57}},{"start":{},"end":{}}],"line":25},"1":{"loc":{"start":{"line":48,"column":8},"end":{"line":50,"column":9}},"type":"if","locations":[{"start":{"line":48,"column":8},"end":{"line":50,"column":9}},{"start":{},"end":{}}],"line":48},"2":{"loc":{"start":{"line":52,"column":8},"end":{"line":54,"column":9}},"type":"if","locations":[{"start":{"line":52,"column":8},"end":{"line":54,"column":9}},{"start":{},"end":{}}],"line":52},"3":{"loc":{"start":{"line":56,"column":8},"end":{"line":58,"column":9}},"type":"if","locations":[{"start":{"line":56,"column":8},"end":{"line":58,"column":9}},{"start":{},"end":{}}],"line":56},"4":{"loc":{"start":{"line":60,"column":8},"end":{"line":62,"column":9}},"type":"if","locations":[{"start":{"line":60,"column":8},"end":{"line":62,"column":9}},{"start":{},"end":{}}],"line":60},"5":{"loc":{"start":{"line":64,"column":8},"end":{"line":66,"column":9}},"type":"if","locations":[{"start":{"line":64,"column":8},"end":{"line":66,"column":9}},{"start":{},"end":{}}],"line":64},"6":{"loc":{"start":{"line":68,"column":8},"end":{"line":70,"column":9}},"type":"if","locations":[{"start":{"line":68,"column":8},"end":{"line":70,"column":9}},{"start":{},"end":{}}],"line":68},"7":{"loc":{"start":{"line":79,"column":12},"end":{"line":81,"column":13}},"type":"if","locations":[{"start":{"line":79,"column":12},"end":{"line":81,"column":13}},{"start":{},"end":{}}],"line":79},"8":{"loc":{"start":{"line":79,"column":16},"end":{"line":79,"column":61}},"type":"binary-expr","locations":[{"start":{"line":79,"column":16},"end":{"line":79,"column":34}},{"start":{"line":79,"column":38},"end":{"line":79,"column":61}}],"line":79},"9":{"loc":{"start":{"line":91,"column":8},"end":{"line":93,"column":9}},"type":"if","locations":[{"start":{"line":91,"column":8},"end":{"line":93,"column":9}},{"start":{},"end":{}}],"line":91},"10":{"loc":{"start":{"line":99,"column":35},"end":{"line":99,"column":59}},"type":"binary-expr","locations":[{"start":{"line":99,"column":35},"end":{"line":99,"column":54}},{"start":{"line":99,"column":58},"end":{"line":99,"column":59}}],"line":99},"11":{"loc":{"start":{"line":105,"column":8},"end":{"line":107,"column":9}},"type":"if","locations":[{"start":{"line":105,"column":8},"end":{"line":107,"column":9}},{"start":{},"end":{}}],"line":105}},"s":{"0":1,"1":1,"2":1,"3":1,"4":0,"5":0,"6":0,"7":0,"8":0,"9":0,"10":0,"11":0,"12":0,"13":0,"14":0,"15":0,"16":0,"17":0,"18":0,"19":0,"20":0,"21":0,"22":0,"23":0,"24":0,"25":0,"26":0,"27":0,"28":0,"29":0,"30":0,"31":0,"32":0,"33":0,"34":0,"35":0,"36":0,"37":0,"38":0,"39":0,"40":0,"41":0,"42":0,"43":0,"44":0,"45":0,"46":0,"47":0,"48":0,"49":0,"50":0,"51":0,"52":0,"53":0,"54":0,"55":0,"56":0,"57":0,"58":1},"f":{"0":0,"1":0,"2":0,"3":0,"4":0,"5":0,"6":0,"7":0,"8":0,"9":0,"10":0},"b":{"0":[0,0],"1":[0,0],"2":[0,0],"3":[0,0],"4":[0,0],"5":[0,0],"6":[0,0],"7":[0,0],"8":[0,0],"9":[0,0],"10":[0,0],"11":[0,0]},"_coverageSchema":"1a1c01bbd47fc00a2c39e90264f33305004495a9","hash":"bca37b1c9053f91f69ecefc649ca0b1f70c291db"}
,"/Users/patrick.shannon/13th_week_project/meanmoney/server/lib/token.js": {"path":"/Users/patrick.shannon/13th_week_project/meanmoney/server/lib/token.js","statementMap":{"0":{"start":{"line":1,"column":12},"end":{"line":1,"column":35}},"1":{"start":{"line":2,"column":15},"end":{"line":2,"column":37}},"2":{"start":{"line":5,"column":4},"end":{"line":14,"column":6}},"3":{"start":{"line":18,"column":4},"end":{"line":18,"column":37}},"4":{"start":{"line":21,"column":0},"end":{"line":21,"column":48}}},"fnMap":{"0":{"name":"generateToken","decl":{"start":{"line":4,"column":9},"end":{"line":4,"column":22}},"loc":{"start":{"line":4,"column":32},"end":{"line":15,"column":1}},"line":4},"1":{"name":"decodeToken","decl":{"start":{"line":17,"column":9},"end":{"line":17,"column":20}},"loc":{"start":{"line":17,"column":28},"end":{"line":19,"column":1}},"line":17}},"branchMap":{},"s":{"0":1,"1":1,"2":0,"3":0,"4":1},"f":{"0":0,"1":0},"b":{},"_coverageSchema":"1a1c01bbd47fc00a2c39e90264f33305004495a9","hash":"fca41dfeb96d549787f26040d289700ffb408ff1"}
,"/Users/patrick.shannon/13th_week_project/meanmoney/server/middleware/authMiddleware.js": {"path":"/Users/patrick.shannon/13th_week_project/meanmoney/server/middleware/authMiddleware.js","statementMap":{"0":{"start":{"line":1,"column":12},"end":{"line":1,"column":35}},"1":{"start":{"line":3,"column":26},"end":{"line":14,"column":1}},"2":{"start":{"line":4,"column":18},"end":{"line":4,"column":86}},"3":{"start":{"line":5,"column":4},"end":{"line":5,"column":74}},"4":{"start":{"line":5,"column":16},"end":{"line":5,"column":74}},"5":{"start":{"line":7,"column":4},"end":{"line":13,"column":7}},"6":{"start":{"line":8,"column":8},"end":{"line":10,"column":9}},"7":{"start":{"line":9,"column":12},"end":{"line":9,"column":70}},"8":{"start":{"line":11,"column":8},"end":{"line":11,"column":27}},"9":{"start":{"line":12,"column":8},"end":{"line":12,"column":15}},"10":{"start":{"line":16,"column":0},"end":{"line":16,"column":35}}},"fnMap":{"0":{"name":"(anonymous_0)","decl":{"start":{"line":3,"column":26},"end":{"line":3,"column":27}},"loc":{"start":{"line":3,"column":46},"end":{"line":14,"column":1}},"line":3},"1":{"name":"(anonymous_1)","decl":{"start":{"line":7,"column":46},"end":{"line":7,"column":47}},"loc":{"start":{"line":7,"column":64},"end":{"line":13,"column":5}},"line":7}},"branchMap":{"0":{"loc":{"start":{"line":4,"column":18},"end":{"line":4,"column":86}},"type":"binary-expr","locations":[{"start":{"line":4,"column":18},"end":{"line":4,"column":43}},{"start":{"line":4,"column":47},"end":{"line":4,"column":86}}],"line":4},"1":{"loc":{"start":{"line":5,"column":4},"end":{"line":5,"column":74}},"type":"if","locations":[{"start":{"line":5,"column":4},"end":{"line":5,"column":74}},{"start":{},"end":{}}],"line":5},"2":{"loc":{"start":{"line":8,"column":8},"end":{"line":10,"column":9}},"type":"if","locations":[{"start":{"line":8,"column":8},"end":{"line":10,"column":9}},{"start":{},"end":{}}],"line":8}},"s":{"0":1,"1":1,"2":0,"3":0,"4":0,"5":0,"6":0,"7":0,"8":0,"9":0,"10":1},"f":{"0":0,"1":0},"b":{"0":[0,0],"1":[0,0],"2":[0,0]},"_coverageSchema":"1a1c01bbd47fc00a2c39e90264f33305004495a9","hash":"a5c4d2d764a4d268772acdafa710f7b71edb6d93"}
,"/Users/patrick.shannon/13th_week_project/meanmoney/server/middleware/tokenChecker.js": {"path":"/Users/patrick.shannon/13th_week_project/meanmoney/server/middleware/tokenChecker.js","statementMap":{"0":{"start":{"line":1,"column":12},"end":{"line":1,"column":35}},"1":{"start":{"line":5,"column":23},"end":{"line":5,"column":47}},"2":{"start":{"line":7,"column":4},"end":{"line":9,"column":5}},"3":{"start":{"line":8,"column":8},"end":{"line":8,"column":36}},"4":{"start":{"line":11,"column":4},"end":{"line":19,"column":7}},"5":{"start":{"line":12,"column":8},"end":{"line":18,"column":9}},"6":{"start":{"line":13,"column":12},"end":{"line":13,"column":29}},"7":{"start":{"line":14,"column":12},"end":{"line":14,"column":60}},"8":{"start":{"line":16,"column":12},"end":{"line":16,"column":42}},"9":{"start":{"line":17,"column":12},"end":{"line":17,"column":19}},"10":{"start":{"line":22,"column":0},"end":{"line":22,"column":30}}},"fnMap":{"0":{"name":"tokenChecker","decl":{"start":{"line":3,"column":9},"end":{"line":3,"column":21}},"loc":{"start":{"line":3,"column":38},"end":{"line":20,"column":1}},"line":3},"1":{"name":"(anonymous_1)","decl":{"start":{"line":11,"column":46},"end":{"line":11,"column":47}},"loc":{"start":{"line":11,"column":64},"end":{"line":19,"column":5}},"line":11}},"branchMap":{"0":{"loc":{"start":{"line":7,"column":4},"end":{"line":9,"column":5}},"type":"if","locations":[{"start":{"line":7,"column":4},"end":{"line":9,"column":5}},{"start":{},"end":{}}],"line":7},"1":{"loc":{"start":{"line":12,"column":8},"end":{"line":18,"column":9}},"type":"if","locations":[{"start":{"line":12,"column":8},"end":{"line":18,"column":9}},{"start":{"line":15,"column":15},"end":{"line":18,"column":9}}],"line":12}},"s":{"0":1,"1":0,"2":0,"3":0,"4":0,"5":0,"6":0,"7":0,"8":0,"9":0,"10":1},"f":{"0":0,"1":0},"b":{"0":[0,0],"1":[0,0]},"_coverageSchema":"1a1c01bbd47fc00a2c39e90264f33305004495a9","hash":"8589d6534d6490f4585ea11ee770c2ade197015f"}
,"/Users/patrick.shannon/13th_week_project/meanmoney/server/models/diary_entry.js": {"path":"/Users/patrick.shannon/13th_week_project/meanmoney/server/models/diary_entry.js","statementMap":{"0":{"start":{"line":1,"column":17},"end":{"line":1,"column":36}},"1":{"start":{"line":3,"column":25},"end":{"line":31,"column":2}},"2":{"start":{"line":33,"column":19},"end":{"line":33,"column":65}},"3":{"start":{"line":34,"column":0},"end":{"line":34,"column":28}}},"fnMap":{},"branchMap":{},"s":{"0":1,"1":1,"2":1,"3":1},"f":{},"b":{},"_coverageSchema":"1a1c01bbd47fc00a2c39e90264f33305004495a9","hash":"9e737aa8ce3e672f2158adde599009f5771256d9"}
,"/Users/patrick.shannon/13th_week_project/meanmoney/server/models/savings_goal.js": {"path":"/Users/patrick.shannon/13th_week_project/meanmoney/server/models/savings_goal.js","statementMap":{"0":{"start":{"line":1,"column":17},"end":{"line":1,"column":36}},"1":{"start":{"line":3,"column":26},"end":{"line":39,"column":2}},"2":{"start":{"line":42,"column":20},"end":{"line":42,"column":68}},"3":{"start":{"line":43,"column":0},"end":{"line":43,"column":29}}},"fnMap":{},"branchMap":{},"s":{"0":1,"1":1,"2":1,"3":1},"f":{},"b":{},"_coverageSchema":"1a1c01bbd47fc00a2c39e90264f33305004495a9","hash":"b154320cb7737285c9ff5897a3ddb5d4980fba2b"}
,"/Users/patrick.shannon/13th_week_project/meanmoney/server/models/user.js": {"path":"/Users/patrick.shannon/13th_week_project/meanmoney/server/models/user.js","statementMap":{"0":{"start":{"line":1,"column":17},"end":{"line":1,"column":36}},"1":{"start":{"line":2,"column":15},"end":{"line":2,"column":32}},"2":{"start":{"line":4,"column":19},"end":{"line":58,"column":2}},"3":{"start":{"line":60,"column":0},"end":{"line":63,"column":27}},"4":{"start":{"line":61,"column":23},"end":{"line":61,"column":51}},"5":{"start":{"line":62,"column":4},"end":{"line":62,"column":34}},"6":{"start":{"line":65,"column":0},"end":{"line":76,"column":3}},"7":{"start":{"line":66,"column":4},"end":{"line":66,"column":51}},"8":{"start":{"line":66,"column":37},"end":{"line":66,"column":51}},"9":{"start":{"line":68,"column":4},"end":{"line":75,"column":5}},"10":{"start":{"line":69,"column":21},"end":{"line":69,"column":45}},"11":{"start":{"line":71,"column":8},"end":{"line":71,"column":63}},"12":{"start":{"line":72,"column":8},"end":{"line":72,"column":15}},"13":{"start":{"line":74,"column":8},"end":{"line":74,"column":19}},"14":{"start":{"line":78,"column":0},"end":{"line":80,"column":1}},"15":{"start":{"line":79,"column":4},"end":{"line":79,"column":55}},"16":{"start":{"line":82,"column":13},"end":{"line":82,"column":47}},"17":{"start":{"line":83,"column":0},"end":{"line":83,"column":22}}},"fnMap":{"0":{"name":"(anonymous_0)","decl":{"start":{"line":60,"column":34},"end":{"line":60,"column":35}},"loc":{"start":{"line":60,"column":51},"end":{"line":63,"column":1}},"line":60},"1":{"name":"(anonymous_1)","decl":{"start":{"line":65,"column":23},"end":{"line":65,"column":24}},"loc":{"start":{"line":65,"column":44},"end":{"line":76,"column":1}},"line":65},"2":{"name":"(anonymous_2)","decl":{"start":{"line":78,"column":37},"end":{"line":78,"column":38}},"loc":{"start":{"line":78,"column":66},"end":{"line":80,"column":1}},"line":78}},"branchMap":{"0":{"loc":{"start":{"line":66,"column":4},"end":{"line":66,"column":51}},"type":"if","locations":[{"start":{"line":66,"column":4},"end":{"line":66,"column":51}},{"start":{},"end":{}}],"line":66}},"s":{"0":2,"1":2,"2":2,"3":2,"4":5,"5":5,"6":2,"7":5,"8":0,"9":5,"10":5,"11":5,"12":5,"13":0,"14":2,"15":0,"16":2,"17":2},"f":{"0":5,"1":5,"2":0},"b":{"0":[0,5]},"_coverageSchema":"1a1c01bbd47fc00a2c39e90264f33305004495a9","hash":"23ef48e0081d759d063307408001a4b626fdf534"}
,"/Users/patrick.shannon/13th_week_project/meanmoney/server/routes/authentication.js": {"path":"/Users/patrick.shannon/13th_week_project/meanmoney/server/routes/authentication.js","statementMap":{"0":{"start":{"line":1,"column":16},"end":{"line":1,"column":34}},"1":{"start":{"line":2,"column":15},"end":{"line":2,"column":31}},"2":{"start":{"line":4,"column":33},"end":{"line":4,"column":73}},"3":{"start":{"line":6,"column":0},"end":{"line":6,"column":55}},"4":{"start":{"line":8,"column":0},"end":{"line":8,"column":24}}},"fnMap":{},"branchMap":{},"s":{"0":1,"1":1,"2":1,"3":1,"4":1},"f":{},"b":{},"_coverageSchema":"1a1c01bbd47fc00a2c39e90264f33305004495a9","hash":"d1856d6124891e4911d4bebd2e151afebdb549e4"}
,"/Users/patrick.shannon/13th_week_project/meanmoney/server/routes/diaryEntry.js": {"path":"/Users/patrick.shannon/13th_week_project/meanmoney/server/routes/diaryEntry.js","statementMap":{"0":{"start":{"line":1,"column":16},"end":{"line":1,"column":34}},"1":{"start":{"line":3,"column":15},"end":{"line":3,"column":31}},"2":{"start":{"line":4,"column":21},"end":{"line":4,"column":58}},"3":{"start":{"line":5,"column":29},"end":{"line":5,"column":69}},"4":{"start":{"line":9,"column":0},"end":{"line":9,"column":97}},"5":{"start":{"line":10,"column":0},"end":{"line":10,"column":81}},"6":{"start":{"line":11,"column":0},"end":{"line":11,"column":79}},"7":{"start":{"line":12,"column":0},"end":{"line":12,"column":87}},"8":{"start":{"line":14,"column":0},"end":{"line":14,"column":24}}},"fnMap":{},"branchMap":{},"s":{"0":1,"1":1,"2":1,"3":1,"4":1,"5":1,"6":1,"7":1,"8":1},"f":{},"b":{},"_coverageSchema":"1a1c01bbd47fc00a2c39e90264f33305004495a9","hash":"328ce8bc30599e78f1370c1c0bcc62148122f6c6"}
,"/Users/patrick.shannon/13th_week_project/meanmoney/server/routes/financialAdvice.js": {"path":"/Users/patrick.shannon/13th_week_project/meanmoney/server/routes/financialAdvice.js","statementMap":{"0":{"start":{"line":1,"column":16},"end":{"line":1,"column":34}},"1":{"start":{"line":2,"column":15},"end":{"line":2,"column":31}},"2":{"start":{"line":3,"column":26},"end":{"line":3,"column":65}},"3":{"start":{"line":4,"column":35},"end":{"line":4,"column":76}},"4":{"start":{"line":6,"column":0},"end":{"line":6,"column":82}},"5":{"start":{"line":8,"column":0},"end":{"line":8,"column":24}}},"fnMap":{},"branchMap":{},"s":{"0":1,"1":1,"2":1,"3":1,"4":1,"5":1},"f":{},"b":{},"_coverageSchema":"1a1c01bbd47fc00a2c39e90264f33305004495a9","hash":"e7fb6625aa477bff948dd88c9b5eef074f136c86"}
,"/Users/patrick.shannon/13th_week_project/meanmoney/server/routes/savings_goal.js": {"path":"/Users/patrick.shannon/13th_week_project/meanmoney/server/routes/savings_goal.js","statementMap":{"0":{"start":{"line":1,"column":16},"end":{"line":1,"column":34}},"1":{"start":{"line":2,"column":15},"end":{"line":2,"column":31}},"2":{"start":{"line":3,"column":21},"end":{"line":3,"column":58}},"3":{"start":{"line":4,"column":30},"end":{"line":4,"column":68}},"4":{"start":{"line":6,"column":0},"end":{"line":6,"column":83}},"5":{"start":{"line":7,"column":0},"end":{"line":7,"column":83}},"6":{"start":{"line":10,"column":0},"end":{"line":10,"column":24}}},"fnMap":{},"branchMap":{},"s":{"0":1,"1":1,"2":1,"3":1,"4":1,"5":1,"6":1},"f":{},"b":{},"_coverageSchema":"1a1c01bbd47fc00a2c39e90264f33305004495a9","hash":"4c52d45b36314e1053997f24960d18aa60d102d3"}
,"/Users/patrick.shannon/13th_week_project/meanmoney/server/routes/users.js": {"path":"/Users/patrick.shannon/13th_week_project/meanmoney/server/routes/users.js","statementMap":{"0":{"start":{"line":1,"column":16},"end":{"line":1,"column":34}},"1":{"start":{"line":2,"column":24},"end":{"line":2,"column":58}},"2":{"start":{"line":3,"column":15},"end":{"line":3,"column":31}},"3":{"start":{"line":4,"column":21},"end":{"line":4,"column":58}},"4":{"start":{"line":8,"column":0},"end":{"line":8,"column":41}},"5":{"start":{"line":9,"column":0},"end":{"line":9,"column":56}},"6":{"start":{"line":10,"column":0},"end":{"line":10,"column":54}},"7":{"start":{"line":11,"column":0},"end":{"line":11,"column":82}},"8":{"start":{"line":12,"column":0},"end":{"line":12,"column":60}},"9":{"start":{"line":15,"column":0},"end":{"line":15,"column":24}}},"fnMap":{},"branchMap":{},"s":{"0":1,"1":1,"2":1,"3":1,"4":1,"5":1,"6":1,"7":1,"8":1,"9":1},"f":{},"b":{},"_coverageSchema":"1a1c01bbd47fc00a2c39e90264f33305004495a9","hash":"59caea3f5c547af6abfc207574501ecf0e2135d1"}
,"/Users/patrick.shannon/13th_week_project/meanmoney/server/tests/mongodb_helper.js": {"path":"/Users/patrick.shannon/13th_week_project/meanmoney/server/tests/mongodb_helper.js","statementMap":{"0":{"start":{"line":1,"column":17},"end":{"line":1,"column":36}},"1":{"start":{"line":2,"column":30},"end":{"line":2,"column":49}},"2":{"start":{"line":4,"column":0},"end":{"line":6,"column":3}},"3":{"start":{"line":5,"column":4},"end":{"line":5,"column":30}},"4":{"start":{"line":8,"column":0},"end":{"line":10,"column":3}},"5":{"start":{"line":9,"column":4},"end":{"line":9,"column":42}}},"fnMap":{"0":{"name":"(anonymous_0)","decl":{"start":{"line":4,"column":10},"end":{"line":4,"column":11}},"loc":{"start":{"line":4,"column":22},"end":{"line":6,"column":1}},"line":4},"1":{"name":"(anonymous_1)","decl":{"start":{"line":8,"column":9},"end":{"line":8,"column":10}},"loc":{"start":{"line":8,"column":21},"end":{"line":10,"column":1}},"line":8}},"branchMap":{},"s":{"0":2,"1":2,"2":2,"3":2,"4":2,"5":2},"f":{"0":2,"1":2},"b":{},"_coverageSchema":"1a1c01bbd47fc00a2c39e90264f33305004495a9","hash":"f77907b0edc1d12b06153f7468b5cfdc38b9d7a6"}
}
